<?xml version="1.0" encoding="UTF-8"?>
<robot generator="Robot 6.1.1 (Python 3.12.0 on linux)" generated="20231120 14:08:16.287" rpa="false" schemaversion="4">
<suite id="s1" name="Tests" source="/home/julius/Documents/Courses/OhTu/palautusrepositorio/viikko3/web-login/src/tests">
<suite id="s1-s1" name="Login" source="/home/julius/Documents/Courses/OhTu/palautusrepositorio/viikko3/web-login/src/tests/login.robot">
<kw name="Open And Configure Browser" library="resource" type="SETUP">
<kw name="Evaluate" library="BuiltIn">
<var>${options}</var>
<arg>sys.modules['selenium.webdriver'].ChromeOptions()</arg>
<arg>sys</arg>
<doc>Evaluates the given expression in Python and returns the result.</doc>
<msg timestamp="20231120 14:08:16.410" level="INFO">${options} = &lt;selenium.webdriver.chrome.options.Options object at 0x7f5bf8417620&gt;</msg>
<status status="PASS" starttime="20231120 14:08:16.410" endtime="20231120 14:08:16.410"/>
</kw>
<kw name="Open Browser" library="SeleniumLibrary">
<arg>browser=chrome</arg>
<arg>options=${options}</arg>
<doc>Opens a new browser instance to the optional ``url``.</doc>
<msg timestamp="20231120 14:08:16.411" level="INFO">Opening browser 'chrome' to base url 'None'.</msg>
<status status="PASS" starttime="20231120 14:08:16.411" endtime="20231120 14:08:18.473"/>
</kw>
<kw name="Set Selenium Speed" library="SeleniumLibrary">
<arg>${DELAY}</arg>
<doc>Sets the delay that is waited after each Selenium command.</doc>
<status status="PASS" starttime="20231120 14:08:18.473" endtime="20231120 14:08:18.473"/>
</kw>
<status status="PASS" starttime="20231120 14:08:16.410" endtime="20231120 14:08:18.473"/>
</kw>
<test id="s1-s1-t1" name="Login With Correct Credentials" line="8">
<kw name="Create User And Go To Login Page" type="SETUP">
<kw name="Create User" library="AppLibrary">
<arg>kalle</arg>
<arg>kalle123</arg>
<status status="PASS" starttime="20231120 14:08:18.475" endtime="20231120 14:08:18.487"/>
</kw>
<kw name="Go To Login Page" library="resource">
<kw name="Go To" library="SeleniumLibrary">
<arg>${LOGIN_URL}</arg>
<doc>Navigates the current browser window to the provided ``url``.</doc>
<msg timestamp="20231120 14:08:18.488" level="INFO">Opening url 'http://localhost:5001/login'</msg>
<status status="PASS" starttime="20231120 14:08:18.488" endtime="20231120 14:08:19.042"/>
</kw>
<status status="PASS" starttime="20231120 14:08:18.488" endtime="20231120 14:08:19.042"/>
</kw>
<kw name="Login Page Should Be Open" library="resource">
<kw name="Title Should Be" library="SeleniumLibrary">
<arg>Login</arg>
<doc>Verifies that the current page title equals ``title``.</doc>
<msg timestamp="20231120 14:08:19.554" level="INFO">Page title is 'Login'.</msg>
<status status="PASS" starttime="20231120 14:08:19.043" endtime="20231120 14:08:19.554"/>
</kw>
<status status="PASS" starttime="20231120 14:08:19.042" endtime="20231120 14:08:19.554"/>
</kw>
<status status="PASS" starttime="20231120 14:08:18.474" endtime="20231120 14:08:19.554"/>
</kw>
<kw name="Set Username">
<arg>kalle</arg>
<kw name="Input Text" library="SeleniumLibrary">
<arg>username</arg>
<arg>${username}</arg>
<doc>Types the given ``text`` into the text field identified by ``locator``.</doc>
<msg timestamp="20231120 14:08:19.557" level="INFO">Typing text 'kalle' into text field 'username'.</msg>
<status status="PASS" starttime="20231120 14:08:19.555" endtime="20231120 14:08:21.140"/>
</kw>
<status status="PASS" starttime="20231120 14:08:19.555" endtime="20231120 14:08:21.140"/>
</kw>
<kw name="Set Password">
<arg>kalle123</arg>
<kw name="Input Password" library="SeleniumLibrary">
<arg>password</arg>
<arg>${password}</arg>
<doc>Types the given password into the text field identified by ``locator``.</doc>
<msg timestamp="20231120 14:08:21.142" level="INFO">Typing password into text field 'password'.</msg>
<msg timestamp="20231120 14:08:22.174" level="INFO">Temporally setting log level to: NONE</msg>
<msg timestamp="20231120 14:08:22.713" level="INFO">Log level changed from NONE to INFO.</msg>
<status status="PASS" starttime="20231120 14:08:21.141" endtime="20231120 14:08:22.713"/>
</kw>
<status status="PASS" starttime="20231120 14:08:21.140" endtime="20231120 14:08:22.714"/>
</kw>
<kw name="Submit Credentials">
<kw name="Click Button" library="SeleniumLibrary">
<arg>Login</arg>
<doc>Clicks the button identified by ``locator``.</doc>
<msg timestamp="20231120 14:08:22.715" level="INFO">Clicking button 'Login'.</msg>
<status status="PASS" starttime="20231120 14:08:22.714" endtime="20231120 14:08:24.801"/>
</kw>
<status status="PASS" starttime="20231120 14:08:22.714" endtime="20231120 14:08:24.802"/>
</kw>
<kw name="Login Should Succeed">
<kw name="Main Page Should Be Open" library="resource">
<kw name="Title Should Be" library="SeleniumLibrary">
<arg>Ohtu Application main page</arg>
<doc>Verifies that the current page title equals ``title``.</doc>
<msg timestamp="20231120 14:08:25.308" level="INFO">Page title is 'Ohtu Application main page'.</msg>
<status status="PASS" starttime="20231120 14:08:24.803" endtime="20231120 14:08:25.308"/>
</kw>
<status status="PASS" starttime="20231120 14:08:24.803" endtime="20231120 14:08:25.309"/>
</kw>
<status status="PASS" starttime="20231120 14:08:24.802" endtime="20231120 14:08:25.309"/>
</kw>
<status status="PASS" starttime="20231120 14:08:18.474" endtime="20231120 14:08:25.309"/>
</test>
<test id="s1-s1-t2" name="Login With Incorrect Password" line="14">
<kw name="Create User And Go To Login Page" type="SETUP">
<kw name="Create User" library="AppLibrary">
<arg>kalle</arg>
<arg>kalle123</arg>
<status status="PASS" starttime="20231120 14:08:25.311" endtime="20231120 14:08:25.326"/>
</kw>
<kw name="Go To Login Page" library="resource">
<kw name="Go To" library="SeleniumLibrary">
<arg>${LOGIN_URL}</arg>
<doc>Navigates the current browser window to the provided ``url``.</doc>
<msg timestamp="20231120 14:08:25.327" level="INFO">Opening url 'http://localhost:5001/login'</msg>
<status status="PASS" starttime="20231120 14:08:25.326" endtime="20231120 14:08:25.853"/>
</kw>
<status status="PASS" starttime="20231120 14:08:25.326" endtime="20231120 14:08:25.853"/>
</kw>
<kw name="Login Page Should Be Open" library="resource">
<kw name="Title Should Be" library="SeleniumLibrary">
<arg>Login</arg>
<doc>Verifies that the current page title equals ``title``.</doc>
<msg timestamp="20231120 14:08:26.362" level="INFO">Page title is 'Login'.</msg>
<status status="PASS" starttime="20231120 14:08:25.854" endtime="20231120 14:08:26.362"/>
</kw>
<status status="PASS" starttime="20231120 14:08:25.854" endtime="20231120 14:08:26.363"/>
</kw>
<status status="PASS" starttime="20231120 14:08:25.310" endtime="20231120 14:08:26.363"/>
</kw>
<kw name="Set Username">
<arg>kalle</arg>
<kw name="Input Text" library="SeleniumLibrary">
<arg>username</arg>
<arg>${username}</arg>
<doc>Types the given ``text`` into the text field identified by ``locator``.</doc>
<msg timestamp="20231120 14:08:26.365" level="INFO">Typing text 'kalle' into text field 'username'.</msg>
<status status="PASS" starttime="20231120 14:08:26.364" endtime="20231120 14:08:27.939"/>
</kw>
<status status="PASS" starttime="20231120 14:08:26.363" endtime="20231120 14:08:27.939"/>
</kw>
<kw name="Set Password">
<arg>kalle456</arg>
<kw name="Input Password" library="SeleniumLibrary">
<arg>password</arg>
<arg>${password}</arg>
<doc>Types the given password into the text field identified by ``locator``.</doc>
<msg timestamp="20231120 14:08:27.941" level="INFO">Typing password into text field 'password'.</msg>
<msg timestamp="20231120 14:08:28.969" level="INFO">Temporally setting log level to: NONE</msg>
<msg timestamp="20231120 14:08:29.493" level="INFO">Log level changed from NONE to INFO.</msg>
<status status="PASS" starttime="20231120 14:08:27.940" endtime="20231120 14:08:29.493"/>
</kw>
<status status="PASS" starttime="20231120 14:08:27.940" endtime="20231120 14:08:29.493"/>
</kw>
<kw name="Submit Credentials">
<kw name="Click Button" library="SeleniumLibrary">
<arg>Login</arg>
<doc>Clicks the button identified by ``locator``.</doc>
<msg timestamp="20231120 14:08:29.495" level="INFO">Clicking button 'Login'.</msg>
<status status="PASS" starttime="20231120 14:08:29.494" endtime="20231120 14:08:31.581"/>
</kw>
<status status="PASS" starttime="20231120 14:08:29.493" endtime="20231120 14:08:31.581"/>
</kw>
<kw name="Login Should Fail With Message">
<arg>Invalid username or password</arg>
<kw name="Login Page Should Be Open" library="resource">
<kw name="Title Should Be" library="SeleniumLibrary">
<arg>Login</arg>
<doc>Verifies that the current page title equals ``title``.</doc>
<msg timestamp="20231120 14:08:32.091" level="INFO">Page title is 'Login'.</msg>
<status status="PASS" starttime="20231120 14:08:31.582" endtime="20231120 14:08:32.091"/>
</kw>
<status status="PASS" starttime="20231120 14:08:31.582" endtime="20231120 14:08:32.091"/>
</kw>
<kw name="Page Should Contain" library="SeleniumLibrary">
<arg>${message}</arg>
<doc>Verifies that current page contains ``text``.</doc>
<msg timestamp="20231120 14:08:33.119" level="INFO">Current page contains text 'Invalid username or password'.</msg>
<status status="PASS" starttime="20231120 14:08:32.092" endtime="20231120 14:08:33.119"/>
</kw>
<status status="PASS" starttime="20231120 14:08:31.581" endtime="20231120 14:08:33.119"/>
</kw>
<status status="PASS" starttime="20231120 14:08:25.310" endtime="20231120 14:08:33.120"/>
</test>
<kw name="Close Browser" library="SeleniumLibrary" type="TEARDOWN">
<doc>Closes the current browser.</doc>
<status status="PASS" starttime="20231120 14:08:33.121" endtime="20231120 14:08:33.700"/>
</kw>
<status status="PASS" starttime="20231120 14:08:16.299" endtime="20231120 14:08:33.700"/>
</suite>
<status status="PASS" starttime="20231120 14:08:16.287" endtime="20231120 14:08:33.701"/>
</suite>
<statistics>
<total>
<stat pass="2" fail="0" skip="0">All Tests</stat>
</total>
<tag>
</tag>
<suite>
<stat pass="2" fail="0" skip="0" id="s1" name="Tests">Tests</stat>
<stat pass="2" fail="0" skip="0" id="s1-s1" name="Login">Tests.Login</stat>
</suite>
</statistics>
<errors>
</errors>
</robot>
