<?xml version="1.0" encoding="UTF-8"?>
<robot generator="Robot 6.1.1 (Python 3.12.0 on linux)" generated="20231120 15:48:48.132" rpa="false" schemaversion="4">
<suite id="s1" name="Tests" source="/home/julius/Documents/Courses/OhTu/palautusrepositorio/viikko3/web-login/src/tests">
<suite id="s1-s1" name="Home" source="/home/julius/Documents/Courses/OhTu/palautusrepositorio/viikko3/web-login/src/tests/home.robot">
<kw name="Open And Configure Browser" library="resource" type="SETUP">
<kw name="Evaluate" library="BuiltIn">
<var>${options}</var>
<arg>sys.modules['selenium.webdriver'].ChromeOptions()</arg>
<arg>sys</arg>
<doc>Evaluates the given expression in Python and returns the result.</doc>
<msg timestamp="20231120 15:48:48.257" level="INFO">${options} = &lt;selenium.webdriver.chrome.options.Options object at 0x7f6545191550&gt;</msg>
<status status="PASS" starttime="20231120 15:48:48.257" endtime="20231120 15:48:48.257"/>
</kw>
<kw name="Call Method" library="BuiltIn">
<arg>${options}</arg>
<arg>add_argument</arg>
<arg>--headless</arg>
<doc>Calls the named method of the given object with the provided arguments.</doc>
<status status="PASS" starttime="20231120 15:48:48.257" endtime="20231120 15:48:48.257"/>
</kw>
<kw name="Open Browser" library="SeleniumLibrary">
<arg>browser=chrome</arg>
<arg>options=${options}</arg>
<doc>Opens a new browser instance to the optional ``url``.</doc>
<msg timestamp="20231120 15:48:48.257" level="INFO">Opening browser 'chrome' to base url 'None'.</msg>
<status status="PASS" starttime="20231120 15:48:48.257" endtime="20231120 15:48:48.898"/>
</kw>
<kw name="Set Selenium Speed" library="SeleniumLibrary">
<arg>${DELAY}</arg>
<doc>Sets the delay that is waited after each Selenium command.</doc>
<status status="PASS" starttime="20231120 15:48:48.898" endtime="20231120 15:48:48.899"/>
</kw>
<status status="PASS" starttime="20231120 15:48:48.256" endtime="20231120 15:48:48.899"/>
</kw>
<test id="s1-s1-t1" name="Click Login Link" line="8">
<kw name="Go To Starting Page" library="resource" type="SETUP">
<kw name="Go To" library="SeleniumLibrary">
<arg>${HOME_URL}</arg>
<doc>Navigates the current browser window to the provided ``url``.</doc>
<msg timestamp="20231120 15:48:48.900" level="INFO">Opening url 'http://localhost:5001'</msg>
<status status="PASS" starttime="20231120 15:48:48.900" endtime="20231120 15:48:48.923"/>
</kw>
<status status="PASS" starttime="20231120 15:48:48.900" endtime="20231120 15:48:48.923"/>
</kw>
<kw name="Click Link" library="SeleniumLibrary">
<arg>Login</arg>
<doc>Clicks a link identified by ``locator``.</doc>
<msg timestamp="20231120 15:48:48.924" level="INFO">Clicking link 'Login'.</msg>
<status status="PASS" starttime="20231120 15:48:48.923" endtime="20231120 15:48:48.966"/>
</kw>
<kw name="Login Page Should Be Open" library="resource">
<kw name="Title Should Be" library="SeleniumLibrary">
<arg>Login</arg>
<doc>Verifies that the current page title equals ``title``.</doc>
<msg timestamp="20231120 15:48:48.969" level="INFO">Page title is 'Login'.</msg>
<status status="PASS" starttime="20231120 15:48:48.966" endtime="20231120 15:48:48.969"/>
</kw>
<status status="PASS" starttime="20231120 15:48:48.966" endtime="20231120 15:48:48.969"/>
</kw>
<status status="PASS" starttime="20231120 15:48:48.899" endtime="20231120 15:48:48.969"/>
</test>
<test id="s1-s1-t2" name="Click Register Link" line="12">
<kw name="Go To Starting Page" library="resource" type="SETUP">
<kw name="Go To" library="SeleniumLibrary">
<arg>${HOME_URL}</arg>
<doc>Navigates the current browser window to the provided ``url``.</doc>
<msg timestamp="20231120 15:48:48.970" level="INFO">Opening url 'http://localhost:5001'</msg>
<status status="PASS" starttime="20231120 15:48:48.970" endtime="20231120 15:48:48.979"/>
</kw>
<status status="PASS" starttime="20231120 15:48:48.970" endtime="20231120 15:48:48.979"/>
</kw>
<kw name="Click Link" library="SeleniumLibrary">
<arg>Register new user</arg>
<doc>Clicks a link identified by ``locator``.</doc>
<msg timestamp="20231120 15:48:48.980" level="INFO">Clicking link 'Register new user'.</msg>
<status status="PASS" starttime="20231120 15:48:48.979" endtime="20231120 15:48:49.013"/>
</kw>
<kw name="Register Page Should Be Open" library="resource">
<kw name="Title Should Be" library="SeleniumLibrary">
<arg>Register</arg>
<doc>Verifies that the current page title equals ``title``.</doc>
<msg timestamp="20231120 15:48:49.016" level="INFO">Page title is 'Register'.</msg>
<status status="PASS" starttime="20231120 15:48:49.014" endtime="20231120 15:48:49.016"/>
</kw>
<status status="PASS" starttime="20231120 15:48:49.013" endtime="20231120 15:48:49.017"/>
</kw>
<status status="PASS" starttime="20231120 15:48:48.970" endtime="20231120 15:48:49.017"/>
</test>
<kw name="Close Browser" library="SeleniumLibrary" type="TEARDOWN">
<doc>Closes the current browser.</doc>
<status status="PASS" starttime="20231120 15:48:49.017" endtime="20231120 15:48:49.081"/>
</kw>
<status status="PASS" starttime="20231120 15:48:48.144" endtime="20231120 15:48:49.081"/>
</suite>
<suite id="s1-s2" name="Login" source="/home/julius/Documents/Courses/OhTu/palautusrepositorio/viikko3/web-login/src/tests/login.robot">
<kw name="Open And Configure Browser" library="resource" type="SETUP">
<kw name="Evaluate" library="BuiltIn">
<var>${options}</var>
<arg>sys.modules['selenium.webdriver'].ChromeOptions()</arg>
<arg>sys</arg>
<doc>Evaluates the given expression in Python and returns the result.</doc>
<msg timestamp="20231120 15:48:49.084" level="INFO">${options} = &lt;selenium.webdriver.chrome.options.Options object at 0x7f65451c9070&gt;</msg>
<status status="PASS" starttime="20231120 15:48:49.084" endtime="20231120 15:48:49.084"/>
</kw>
<kw name="Call Method" library="BuiltIn">
<arg>${options}</arg>
<arg>add_argument</arg>
<arg>--headless</arg>
<doc>Calls the named method of the given object with the provided arguments.</doc>
<status status="PASS" starttime="20231120 15:48:49.084" endtime="20231120 15:48:49.084"/>
</kw>
<kw name="Open Browser" library="SeleniumLibrary">
<arg>browser=chrome</arg>
<arg>options=${options}</arg>
<doc>Opens a new browser instance to the optional ``url``.</doc>
<msg timestamp="20231120 15:48:49.085" level="INFO">Opening browser 'chrome' to base url 'None'.</msg>
<status status="PASS" starttime="20231120 15:48:49.084" endtime="20231120 15:48:49.719"/>
</kw>
<kw name="Set Selenium Speed" library="SeleniumLibrary">
<arg>${DELAY}</arg>
<doc>Sets the delay that is waited after each Selenium command.</doc>
<status status="PASS" starttime="20231120 15:48:49.719" endtime="20231120 15:48:49.720"/>
</kw>
<status status="PASS" starttime="20231120 15:48:49.084" endtime="20231120 15:48:49.720"/>
</kw>
<test id="s1-s2-t1" name="Login With Correct Credentials" line="8">
<kw name="Create User And Go To Login Page" type="SETUP">
<kw name="Create User" library="AppLibrary">
<arg>kalle</arg>
<arg>kalle123</arg>
<status status="PASS" starttime="20231120 15:48:49.720" endtime="20231120 15:48:49.726"/>
</kw>
<kw name="Go To Login Page" library="resource">
<kw name="Go To" library="SeleniumLibrary">
<arg>${LOGIN_URL}</arg>
<doc>Navigates the current browser window to the provided ``url``.</doc>
<msg timestamp="20231120 15:48:49.727" level="INFO">Opening url 'http://localhost:5001/login'</msg>
<status status="PASS" starttime="20231120 15:48:49.727" endtime="20231120 15:48:49.752"/>
</kw>
<status status="PASS" starttime="20231120 15:48:49.726" endtime="20231120 15:48:49.752"/>
</kw>
<kw name="Login Page Should Be Open" library="resource">
<kw name="Title Should Be" library="SeleniumLibrary">
<arg>Login</arg>
<doc>Verifies that the current page title equals ``title``.</doc>
<msg timestamp="20231120 15:48:49.756" level="INFO">Page title is 'Login'.</msg>
<status status="PASS" starttime="20231120 15:48:49.753" endtime="20231120 15:48:49.756"/>
</kw>
<status status="PASS" starttime="20231120 15:48:49.753" endtime="20231120 15:48:49.756"/>
</kw>
<status status="PASS" starttime="20231120 15:48:49.720" endtime="20231120 15:48:49.756"/>
</kw>
<kw name="Set Username">
<arg>kalle</arg>
<kw name="Input Text" library="SeleniumLibrary">
<arg>username</arg>
<arg>${username}</arg>
<doc>Types the given ``text`` into the text field identified by ``locator``.</doc>
<msg timestamp="20231120 15:48:49.757" level="INFO">Typing text 'kalle' into text field 'username'.</msg>
<status status="PASS" starttime="20231120 15:48:49.756" endtime="20231120 15:48:49.812"/>
</kw>
<status status="PASS" starttime="20231120 15:48:49.756" endtime="20231120 15:48:49.812"/>
</kw>
<kw name="Set Password">
<arg>kalle123</arg>
<kw name="Input Password" library="SeleniumLibrary">
<arg>password</arg>
<arg>${password}</arg>
<doc>Types the given password into the text field identified by ``locator``.</doc>
<msg timestamp="20231120 15:48:49.813" level="INFO">Typing password into text field 'password'.</msg>
<msg timestamp="20231120 15:48:49.833" level="INFO">Temporally setting log level to: NONE</msg>
<msg timestamp="20231120 15:48:49.857" level="INFO">Log level changed from NONE to INFO.</msg>
<status status="PASS" starttime="20231120 15:48:49.812" endtime="20231120 15:48:49.857"/>
</kw>
<status status="PASS" starttime="20231120 15:48:49.812" endtime="20231120 15:48:49.857"/>
</kw>
<kw name="Submit Credentials">
<kw name="Click Button" library="SeleniumLibrary">
<arg>Login</arg>
<doc>Clicks the button identified by ``locator``.</doc>
<msg timestamp="20231120 15:48:49.857" level="INFO">Clicking button 'Login'.</msg>
<status status="PASS" starttime="20231120 15:48:49.857" endtime="20231120 15:48:49.898"/>
</kw>
<status status="PASS" starttime="20231120 15:48:49.857" endtime="20231120 15:48:49.898"/>
</kw>
<kw name="Login Should Succeed">
<kw name="Main Page Should Be Open" library="resource">
<kw name="Title Should Be" library="SeleniumLibrary">
<arg>Ohtu Application main page</arg>
<doc>Verifies that the current page title equals ``title``.</doc>
<msg timestamp="20231120 15:48:49.900" level="INFO">Page title is 'Ohtu Application main page'.</msg>
<status status="PASS" starttime="20231120 15:48:49.898" endtime="20231120 15:48:49.900"/>
</kw>
<status status="PASS" starttime="20231120 15:48:49.898" endtime="20231120 15:48:49.900"/>
</kw>
<status status="PASS" starttime="20231120 15:48:49.898" endtime="20231120 15:48:49.900"/>
</kw>
<status status="PASS" starttime="20231120 15:48:49.720" endtime="20231120 15:48:49.900"/>
</test>
<test id="s1-s2-t2" name="Login With Incorrect Password" line="14">
<kw name="Create User And Go To Login Page" type="SETUP">
<kw name="Create User" library="AppLibrary">
<arg>kalle</arg>
<arg>kalle123</arg>
<status status="PASS" starttime="20231120 15:48:49.901" endtime="20231120 15:48:49.907"/>
</kw>
<kw name="Go To Login Page" library="resource">
<kw name="Go To" library="SeleniumLibrary">
<arg>${LOGIN_URL}</arg>
<doc>Navigates the current browser window to the provided ``url``.</doc>
<msg timestamp="20231120 15:48:49.908" level="INFO">Opening url 'http://localhost:5001/login'</msg>
<status status="PASS" starttime="20231120 15:48:49.907" endtime="20231120 15:48:49.916"/>
</kw>
<status status="PASS" starttime="20231120 15:48:49.907" endtime="20231120 15:48:49.917"/>
</kw>
<kw name="Login Page Should Be Open" library="resource">
<kw name="Title Should Be" library="SeleniumLibrary">
<arg>Login</arg>
<doc>Verifies that the current page title equals ``title``.</doc>
<msg timestamp="20231120 15:48:49.919" level="INFO">Page title is 'Login'.</msg>
<status status="PASS" starttime="20231120 15:48:49.917" endtime="20231120 15:48:49.919"/>
</kw>
<status status="PASS" starttime="20231120 15:48:49.917" endtime="20231120 15:48:49.919"/>
</kw>
<status status="PASS" starttime="20231120 15:48:49.901" endtime="20231120 15:48:49.919"/>
</kw>
<kw name="Set Username">
<arg>kalle</arg>
<kw name="Input Text" library="SeleniumLibrary">
<arg>username</arg>
<arg>${username}</arg>
<doc>Types the given ``text`` into the text field identified by ``locator``.</doc>
<msg timestamp="20231120 15:48:49.919" level="INFO">Typing text 'kalle' into text field 'username'.</msg>
<status status="PASS" starttime="20231120 15:48:49.919" endtime="20231120 15:48:49.959"/>
</kw>
<status status="PASS" starttime="20231120 15:48:49.919" endtime="20231120 15:48:49.959"/>
</kw>
<kw name="Set Password">
<arg>kalle456</arg>
<kw name="Input Password" library="SeleniumLibrary">
<arg>password</arg>
<arg>${password}</arg>
<doc>Types the given password into the text field identified by ``locator``.</doc>
<msg timestamp="20231120 15:48:49.960" level="INFO">Typing password into text field 'password'.</msg>
<msg timestamp="20231120 15:48:49.978" level="INFO">Temporally setting log level to: NONE</msg>
<msg timestamp="20231120 15:48:50.000" level="INFO">Log level changed from NONE to INFO.</msg>
<status status="PASS" starttime="20231120 15:48:49.960" endtime="20231120 15:48:50.000"/>
</kw>
<status status="PASS" starttime="20231120 15:48:49.959" endtime="20231120 15:48:50.000"/>
</kw>
<kw name="Submit Credentials">
<kw name="Click Button" library="SeleniumLibrary">
<arg>Login</arg>
<doc>Clicks the button identified by ``locator``.</doc>
<msg timestamp="20231120 15:48:50.000" level="INFO">Clicking button 'Login'.</msg>
<status status="PASS" starttime="20231120 15:48:50.000" endtime="20231120 15:48:50.035"/>
</kw>
<status status="PASS" starttime="20231120 15:48:50.000" endtime="20231120 15:48:50.035"/>
</kw>
<kw name="Login Should Fail With Message">
<arg>Invalid username or password</arg>
<kw name="Login Page Should Be Open" library="resource">
<kw name="Title Should Be" library="SeleniumLibrary">
<arg>Login</arg>
<doc>Verifies that the current page title equals ``title``.</doc>
<msg timestamp="20231120 15:48:50.038" level="INFO">Page title is 'Login'.</msg>
<status status="PASS" starttime="20231120 15:48:50.035" endtime="20231120 15:48:50.038"/>
</kw>
<status status="PASS" starttime="20231120 15:48:50.035" endtime="20231120 15:48:50.038"/>
</kw>
<kw name="Page Should Contain" library="SeleniumLibrary">
<arg>${message}</arg>
<doc>Verifies that current page contains ``text``.</doc>
<msg timestamp="20231120 15:48:50.049" level="INFO">Current page contains text 'Invalid username or password'.</msg>
<status status="PASS" starttime="20231120 15:48:50.038" endtime="20231120 15:48:50.049"/>
</kw>
<status status="PASS" starttime="20231120 15:48:50.035" endtime="20231120 15:48:50.049"/>
</kw>
<status status="PASS" starttime="20231120 15:48:49.901" endtime="20231120 15:48:50.049"/>
</test>
<test id="s1-s2-t3" name="Login With Nonexistent Username" line="20">
<kw name="Create User And Go To Login Page" type="SETUP">
<kw name="Create User" library="AppLibrary">
<arg>kalle</arg>
<arg>kalle123</arg>
<status status="PASS" starttime="20231120 15:48:50.050" endtime="20231120 15:48:50.056"/>
</kw>
<kw name="Go To Login Page" library="resource">
<kw name="Go To" library="SeleniumLibrary">
<arg>${LOGIN_URL}</arg>
<doc>Navigates the current browser window to the provided ``url``.</doc>
<msg timestamp="20231120 15:48:50.057" level="INFO">Opening url 'http://localhost:5001/login'</msg>
<status status="PASS" starttime="20231120 15:48:50.056" endtime="20231120 15:48:50.066"/>
</kw>
<status status="PASS" starttime="20231120 15:48:50.056" endtime="20231120 15:48:50.066"/>
</kw>
<kw name="Login Page Should Be Open" library="resource">
<kw name="Title Should Be" library="SeleniumLibrary">
<arg>Login</arg>
<doc>Verifies that the current page title equals ``title``.</doc>
<msg timestamp="20231120 15:48:50.069" level="INFO">Page title is 'Login'.</msg>
<status status="PASS" starttime="20231120 15:48:50.066" endtime="20231120 15:48:50.069"/>
</kw>
<status status="PASS" starttime="20231120 15:48:50.066" endtime="20231120 15:48:50.069"/>
</kw>
<status status="PASS" starttime="20231120 15:48:50.050" endtime="20231120 15:48:50.069"/>
</kw>
<kw name="Set Username">
<arg>valtteri</arg>
<kw name="Input Text" library="SeleniumLibrary">
<arg>username</arg>
<arg>${username}</arg>
<doc>Types the given ``text`` into the text field identified by ``locator``.</doc>
<msg timestamp="20231120 15:48:50.070" level="INFO">Typing text 'valtteri' into text field 'username'.</msg>
<status status="PASS" starttime="20231120 15:48:50.070" endtime="20231120 15:48:50.113"/>
</kw>
<status status="PASS" starttime="20231120 15:48:50.070" endtime="20231120 15:48:50.113"/>
</kw>
<kw name="Set Password">
<arg>kalle456</arg>
<kw name="Input Password" library="SeleniumLibrary">
<arg>password</arg>
<arg>${password}</arg>
<doc>Types the given password into the text field identified by ``locator``.</doc>
<msg timestamp="20231120 15:48:50.113" level="INFO">Typing password into text field 'password'.</msg>
<msg timestamp="20231120 15:48:50.132" level="INFO">Temporally setting log level to: NONE</msg>
<msg timestamp="20231120 15:48:50.157" level="INFO">Log level changed from NONE to INFO.</msg>
<status status="PASS" starttime="20231120 15:48:50.113" endtime="20231120 15:48:50.157"/>
</kw>
<status status="PASS" starttime="20231120 15:48:50.113" endtime="20231120 15:48:50.157"/>
</kw>
<kw name="Submit Credentials">
<kw name="Click Button" library="SeleniumLibrary">
<arg>Login</arg>
<doc>Clicks the button identified by ``locator``.</doc>
<msg timestamp="20231120 15:48:50.158" level="INFO">Clicking button 'Login'.</msg>
<status status="PASS" starttime="20231120 15:48:50.158" endtime="20231120 15:48:50.196"/>
</kw>
<status status="PASS" starttime="20231120 15:48:50.158" endtime="20231120 15:48:50.196"/>
</kw>
<kw name="Login Should Fail With Message">
<arg>Invalid username or password</arg>
<kw name="Login Page Should Be Open" library="resource">
<kw name="Title Should Be" library="SeleniumLibrary">
<arg>Login</arg>
<doc>Verifies that the current page title equals ``title``.</doc>
<msg timestamp="20231120 15:48:50.199" level="INFO">Page title is 'Login'.</msg>
<status status="PASS" starttime="20231120 15:48:50.196" endtime="20231120 15:48:50.200"/>
</kw>
<status status="PASS" starttime="20231120 15:48:50.196" endtime="20231120 15:48:50.200"/>
</kw>
<kw name="Page Should Contain" library="SeleniumLibrary">
<arg>${message}</arg>
<doc>Verifies that current page contains ``text``.</doc>
<msg timestamp="20231120 15:48:50.207" level="INFO">Current page contains text 'Invalid username or password'.</msg>
<status status="PASS" starttime="20231120 15:48:50.200" endtime="20231120 15:48:50.207"/>
</kw>
<status status="PASS" starttime="20231120 15:48:50.196" endtime="20231120 15:48:50.207"/>
</kw>
<status status="PASS" starttime="20231120 15:48:50.049" endtime="20231120 15:48:50.207"/>
</test>
<kw name="Close Browser" library="SeleniumLibrary" type="TEARDOWN">
<doc>Closes the current browser.</doc>
<status status="PASS" starttime="20231120 15:48:50.208" endtime="20231120 15:48:50.261"/>
</kw>
<status status="PASS" starttime="20231120 15:48:49.081" endtime="20231120 15:48:50.261"/>
</suite>
<suite id="s1-s3" name="Register" source="/home/julius/Documents/Courses/OhTu/palautusrepositorio/viikko3/web-login/src/tests/register.robot">
<kw name="Open And Configure Browser" library="resource" type="SETUP">
<kw name="Evaluate" library="BuiltIn">
<var>${options}</var>
<arg>sys.modules['selenium.webdriver'].ChromeOptions()</arg>
<arg>sys</arg>
<doc>Evaluates the given expression in Python and returns the result.</doc>
<msg timestamp="20231120 15:48:50.265" level="INFO">${options} = &lt;selenium.webdriver.chrome.options.Options object at 0x7f6545193020&gt;</msg>
<status status="PASS" starttime="20231120 15:48:50.264" endtime="20231120 15:48:50.265"/>
</kw>
<kw name="Call Method" library="BuiltIn">
<arg>${options}</arg>
<arg>add_argument</arg>
<arg>--headless</arg>
<doc>Calls the named method of the given object with the provided arguments.</doc>
<status status="PASS" starttime="20231120 15:48:50.265" endtime="20231120 15:48:50.265"/>
</kw>
<kw name="Open Browser" library="SeleniumLibrary">
<arg>browser=chrome</arg>
<arg>options=${options}</arg>
<doc>Opens a new browser instance to the optional ``url``.</doc>
<msg timestamp="20231120 15:48:50.265" level="INFO">Opening browser 'chrome' to base url 'None'.</msg>
<status status="PASS" starttime="20231120 15:48:50.265" endtime="20231120 15:48:50.906"/>
</kw>
<kw name="Set Selenium Speed" library="SeleniumLibrary">
<arg>${DELAY}</arg>
<doc>Sets the delay that is waited after each Selenium command.</doc>
<status status="PASS" starttime="20231120 15:48:50.907" endtime="20231120 15:48:50.907"/>
</kw>
<status status="PASS" starttime="20231120 15:48:50.264" endtime="20231120 15:48:50.907"/>
</kw>
<test id="s1-s3-t1" name="Register With Valid Username And Password" line="9">
<kw name="Setup Register" type="SETUP">
<kw name="Reset Application" library="AppLibrary">
<status status="PASS" starttime="20231120 15:48:50.908" endtime="20231120 15:48:50.911"/>
</kw>
<kw name="Go To Register Page" library="resource">
<kw name="Go To" library="SeleniumLibrary">
<arg>${REGISTER_URL}</arg>
<doc>Navigates the current browser window to the provided ``url``.</doc>
<msg timestamp="20231120 15:48:50.912" level="INFO">Opening url 'http://localhost:5001/register'</msg>
<status status="PASS" starttime="20231120 15:48:50.912" endtime="20231120 15:48:50.937"/>
</kw>
<status status="PASS" starttime="20231120 15:48:50.911" endtime="20231120 15:48:50.937"/>
</kw>
<kw name="Register Page Should Be Open" library="resource">
<kw name="Title Should Be" library="SeleniumLibrary">
<arg>Register</arg>
<doc>Verifies that the current page title equals ``title``.</doc>
<msg timestamp="20231120 15:48:50.940" level="INFO">Page title is 'Register'.</msg>
<status status="PASS" starttime="20231120 15:48:50.937" endtime="20231120 15:48:50.940"/>
</kw>
<status status="PASS" starttime="20231120 15:48:50.937" endtime="20231120 15:48:50.940"/>
</kw>
<status status="PASS" starttime="20231120 15:48:50.907" endtime="20231120 15:48:50.941"/>
</kw>
<kw name="Set Username">
<arg>kalle</arg>
<kw name="Input Text" library="SeleniumLibrary">
<arg>username</arg>
<arg>${username}</arg>
<doc>Types the given ``text`` into the text field identified by ``locator``.</doc>
<msg timestamp="20231120 15:48:50.941" level="INFO">Typing text 'kalle' into text field 'username'.</msg>
<status status="PASS" starttime="20231120 15:48:50.941" endtime="20231120 15:48:50.997"/>
</kw>
<status status="PASS" starttime="20231120 15:48:50.941" endtime="20231120 15:48:50.997"/>
</kw>
<kw name="Set Password">
<arg>kalle456</arg>
<kw name="Input Password" library="SeleniumLibrary">
<arg>password</arg>
<arg>${password}</arg>
<doc>Types the given password into the text field identified by ``locator``.</doc>
<msg timestamp="20231120 15:48:50.997" level="INFO">Typing password into text field 'password'.</msg>
<msg timestamp="20231120 15:48:51.017" level="INFO">Temporally setting log level to: NONE</msg>
<msg timestamp="20231120 15:48:51.038" level="INFO">Log level changed from NONE to INFO.</msg>
<status status="PASS" starttime="20231120 15:48:50.997" endtime="20231120 15:48:51.038"/>
</kw>
<status status="PASS" starttime="20231120 15:48:50.997" endtime="20231120 15:48:51.038"/>
</kw>
<kw name="Set Password Confirm">
<arg>kalle456</arg>
<kw name="Input Password" library="SeleniumLibrary">
<arg>password_confirmation</arg>
<arg>${password}</arg>
<doc>Types the given password into the text field identified by ``locator``.</doc>
<msg timestamp="20231120 15:48:51.039" level="INFO">Typing password into text field 'password_confirmation'.</msg>
<msg timestamp="20231120 15:48:51.059" level="INFO">Temporally setting log level to: NONE</msg>
<msg timestamp="20231120 15:48:51.078" level="INFO">Log level changed from NONE to INFO.</msg>
<status status="PASS" starttime="20231120 15:48:51.038" endtime="20231120 15:48:51.078"/>
</kw>
<status status="PASS" starttime="20231120 15:48:51.038" endtime="20231120 15:48:51.078"/>
</kw>
<kw name="Submit Credentials">
<kw name="Click Button" library="SeleniumLibrary">
<arg>Register</arg>
<doc>Clicks the button identified by ``locator``.</doc>
<msg timestamp="20231120 15:48:51.078" level="INFO">Clicking button 'Register'.</msg>
<status status="PASS" starttime="20231120 15:48:51.078" endtime="20231120 15:48:51.118"/>
</kw>
<status status="PASS" starttime="20231120 15:48:51.078" endtime="20231120 15:48:51.118"/>
</kw>
<kw name="Register Should Succeed">
<kw name="Welcome Page Should Be Open" library="resource">
<kw name="Title Should Be" library="SeleniumLibrary">
<arg>Welcome to Ohtu Application!</arg>
<doc>Verifies that the current page title equals ``title``.</doc>
<msg timestamp="20231120 15:48:51.121" level="INFO">Page title is 'Welcome to Ohtu Application!'.</msg>
<status status="PASS" starttime="20231120 15:48:51.119" endtime="20231120 15:48:51.121"/>
</kw>
<status status="PASS" starttime="20231120 15:48:51.119" endtime="20231120 15:48:51.121"/>
</kw>
<status status="PASS" starttime="20231120 15:48:51.118" endtime="20231120 15:48:51.121"/>
</kw>
<status status="PASS" starttime="20231120 15:48:50.907" endtime="20231120 15:48:51.121"/>
</test>
<test id="s1-s3-t2" name="Register With Too Short Username And Valid Password" line="16">
<kw name="Setup Register" type="SETUP">
<kw name="Reset Application" library="AppLibrary">
<status status="PASS" starttime="20231120 15:48:51.122" endtime="20231120 15:48:51.126"/>
</kw>
<kw name="Go To Register Page" library="resource">
<kw name="Go To" library="SeleniumLibrary">
<arg>${REGISTER_URL}</arg>
<doc>Navigates the current browser window to the provided ``url``.</doc>
<msg timestamp="20231120 15:48:51.126" level="INFO">Opening url 'http://localhost:5001/register'</msg>
<status status="PASS" starttime="20231120 15:48:51.126" endtime="20231120 15:48:51.133"/>
</kw>
<status status="PASS" starttime="20231120 15:48:51.126" endtime="20231120 15:48:51.133"/>
</kw>
<kw name="Register Page Should Be Open" library="resource">
<kw name="Title Should Be" library="SeleniumLibrary">
<arg>Register</arg>
<doc>Verifies that the current page title equals ``title``.</doc>
<msg timestamp="20231120 15:48:51.136" level="INFO">Page title is 'Register'.</msg>
<status status="PASS" starttime="20231120 15:48:51.134" endtime="20231120 15:48:51.136"/>
</kw>
<status status="PASS" starttime="20231120 15:48:51.134" endtime="20231120 15:48:51.136"/>
</kw>
<status status="PASS" starttime="20231120 15:48:51.122" endtime="20231120 15:48:51.136"/>
</kw>
<kw name="Set Username">
<arg>ka</arg>
<kw name="Input Text" library="SeleniumLibrary">
<arg>username</arg>
<arg>${username}</arg>
<doc>Types the given ``text`` into the text field identified by ``locator``.</doc>
<msg timestamp="20231120 15:48:51.137" level="INFO">Typing text 'ka' into text field 'username'.</msg>
<status status="PASS" starttime="20231120 15:48:51.136" endtime="20231120 15:48:51.178"/>
</kw>
<status status="PASS" starttime="20231120 15:48:51.136" endtime="20231120 15:48:51.178"/>
</kw>
<kw name="Set Password">
<arg>kalle456</arg>
<kw name="Input Password" library="SeleniumLibrary">
<arg>password</arg>
<arg>${password}</arg>
<doc>Types the given password into the text field identified by ``locator``.</doc>
<msg timestamp="20231120 15:48:51.179" level="INFO">Typing password into text field 'password'.</msg>
<msg timestamp="20231120 15:48:51.198" level="INFO">Temporally setting log level to: NONE</msg>
<msg timestamp="20231120 15:48:51.220" level="INFO">Log level changed from NONE to INFO.</msg>
<status status="PASS" starttime="20231120 15:48:51.178" endtime="20231120 15:48:51.220"/>
</kw>
<status status="PASS" starttime="20231120 15:48:51.178" endtime="20231120 15:48:51.220"/>
</kw>
<kw name="Set Password Confirm">
<arg>kalle456</arg>
<kw name="Input Password" library="SeleniumLibrary">
<arg>password_confirmation</arg>
<arg>${password}</arg>
<doc>Types the given password into the text field identified by ``locator``.</doc>
<msg timestamp="20231120 15:48:51.221" level="INFO">Typing password into text field 'password_confirmation'.</msg>
<msg timestamp="20231120 15:48:51.239" level="INFO">Temporally setting log level to: NONE</msg>
<msg timestamp="20231120 15:48:51.261" level="INFO">Log level changed from NONE to INFO.</msg>
<status status="PASS" starttime="20231120 15:48:51.220" endtime="20231120 15:48:51.261"/>
</kw>
<status status="PASS" starttime="20231120 15:48:51.220" endtime="20231120 15:48:51.261"/>
</kw>
<kw name="Submit Credentials">
<kw name="Click Button" library="SeleniumLibrary">
<arg>Register</arg>
<doc>Clicks the button identified by ``locator``.</doc>
<msg timestamp="20231120 15:48:51.262" level="INFO">Clicking button 'Register'.</msg>
<status status="PASS" starttime="20231120 15:48:51.261" endtime="20231120 15:48:51.297"/>
</kw>
<status status="PASS" starttime="20231120 15:48:51.261" endtime="20231120 15:48:51.297"/>
</kw>
<kw name="Register Should Fail With Message">
<arg>Username length should be at least 3.</arg>
<kw name="Register Page Should Be Open" library="resource">
<kw name="Title Should Be" library="SeleniumLibrary">
<arg>Register</arg>
<doc>Verifies that the current page title equals ``title``.</doc>
<msg timestamp="20231120 15:48:51.300" level="INFO">Page title is 'Register'.</msg>
<status status="PASS" starttime="20231120 15:48:51.298" endtime="20231120 15:48:51.300"/>
</kw>
<status status="PASS" starttime="20231120 15:48:51.298" endtime="20231120 15:48:51.300"/>
</kw>
<kw name="Page Should Contain" library="SeleniumLibrary">
<arg>${message}</arg>
<doc>Verifies that current page contains ``text``.</doc>
<msg timestamp="20231120 15:48:51.309" level="INFO">Current page contains text 'Username length should be at least 3.'.</msg>
<status status="PASS" starttime="20231120 15:48:51.300" endtime="20231120 15:48:51.309"/>
</kw>
<status status="PASS" starttime="20231120 15:48:51.298" endtime="20231120 15:48:51.309"/>
</kw>
<status status="PASS" starttime="20231120 15:48:51.121" endtime="20231120 15:48:51.309"/>
</test>
<test id="s1-s3-t3" name="Register With Valid Username And Invalid Password" line="24">
<kw name="Setup Register" type="SETUP">
<kw name="Reset Application" library="AppLibrary">
<status status="PASS" starttime="20231120 15:48:51.310" endtime="20231120 15:48:51.315"/>
</kw>
<kw name="Go To Register Page" library="resource">
<kw name="Go To" library="SeleniumLibrary">
<arg>${REGISTER_URL}</arg>
<doc>Navigates the current browser window to the provided ``url``.</doc>
<msg timestamp="20231120 15:48:51.315" level="INFO">Opening url 'http://localhost:5001/register'</msg>
<status status="PASS" starttime="20231120 15:48:51.315" endtime="20231120 15:48:51.322"/>
</kw>
<status status="PASS" starttime="20231120 15:48:51.315" endtime="20231120 15:48:51.322"/>
</kw>
<kw name="Register Page Should Be Open" library="resource">
<kw name="Title Should Be" library="SeleniumLibrary">
<arg>Register</arg>
<doc>Verifies that the current page title equals ``title``.</doc>
<msg timestamp="20231120 15:48:51.325" level="INFO">Page title is 'Register'.</msg>
<status status="PASS" starttime="20231120 15:48:51.323" endtime="20231120 15:48:51.326"/>
</kw>
<status status="PASS" starttime="20231120 15:48:51.322" endtime="20231120 15:48:51.326"/>
</kw>
<status status="PASS" starttime="20231120 15:48:51.310" endtime="20231120 15:48:51.326"/>
</kw>
<kw name="Set Username">
<arg>kalle</arg>
<kw name="Input Text" library="SeleniumLibrary">
<arg>username</arg>
<arg>${username}</arg>
<doc>Types the given ``text`` into the text field identified by ``locator``.</doc>
<msg timestamp="20231120 15:48:51.326" level="INFO">Typing text 'kalle' into text field 'username'.</msg>
<status status="PASS" starttime="20231120 15:48:51.326" endtime="20231120 15:48:51.364"/>
</kw>
<status status="PASS" starttime="20231120 15:48:51.326" endtime="20231120 15:48:51.364"/>
</kw>
<kw name="Set Password">
<arg>kallekalle</arg>
<kw name="Input Password" library="SeleniumLibrary">
<arg>password</arg>
<arg>${password}</arg>
<doc>Types the given password into the text field identified by ``locator``.</doc>
<msg timestamp="20231120 15:48:51.365" level="INFO">Typing password into text field 'password'.</msg>
<msg timestamp="20231120 15:48:51.382" level="INFO">Temporally setting log level to: NONE</msg>
<msg timestamp="20231120 15:48:51.402" level="INFO">Log level changed from NONE to INFO.</msg>
<status status="PASS" starttime="20231120 15:48:51.365" endtime="20231120 15:48:51.402"/>
</kw>
<status status="PASS" starttime="20231120 15:48:51.364" endtime="20231120 15:48:51.402"/>
</kw>
<kw name="Set Password Confirm">
<arg>kallekalle</arg>
<kw name="Input Password" library="SeleniumLibrary">
<arg>password_confirmation</arg>
<arg>${password}</arg>
<doc>Types the given password into the text field identified by ``locator``.</doc>
<msg timestamp="20231120 15:48:51.403" level="INFO">Typing password into text field 'password_confirmation'.</msg>
<msg timestamp="20231120 15:48:51.421" level="INFO">Temporally setting log level to: NONE</msg>
<msg timestamp="20231120 15:48:51.446" level="INFO">Log level changed from NONE to INFO.</msg>
<status status="PASS" starttime="20231120 15:48:51.403" endtime="20231120 15:48:51.446"/>
</kw>
<status status="PASS" starttime="20231120 15:48:51.402" endtime="20231120 15:48:51.446"/>
</kw>
<kw name="Submit Credentials">
<kw name="Click Button" library="SeleniumLibrary">
<arg>Register</arg>
<doc>Clicks the button identified by ``locator``.</doc>
<msg timestamp="20231120 15:48:51.447" level="INFO">Clicking button 'Register'.</msg>
<status status="PASS" starttime="20231120 15:48:51.446" endtime="20231120 15:48:51.491"/>
</kw>
<status status="PASS" starttime="20231120 15:48:51.446" endtime="20231120 15:48:51.491"/>
</kw>
<kw name="Register Should Fail With Message">
<arg>Password should contain characters different from a-z</arg>
<kw name="Register Page Should Be Open" library="resource">
<kw name="Title Should Be" library="SeleniumLibrary">
<arg>Register</arg>
<doc>Verifies that the current page title equals ``title``.</doc>
<msg timestamp="20231120 15:48:51.494" level="INFO">Page title is 'Register'.</msg>
<status status="PASS" starttime="20231120 15:48:51.492" endtime="20231120 15:48:51.494"/>
</kw>
<status status="PASS" starttime="20231120 15:48:51.492" endtime="20231120 15:48:51.495"/>
</kw>
<kw name="Page Should Contain" library="SeleniumLibrary">
<arg>${message}</arg>
<doc>Verifies that current page contains ``text``.</doc>
<msg timestamp="20231120 15:48:51.505" level="INFO">Current page contains text 'Password should contain characters different from a-z'.</msg>
<status status="PASS" starttime="20231120 15:48:51.495" endtime="20231120 15:48:51.505"/>
</kw>
<status status="PASS" starttime="20231120 15:48:51.491" endtime="20231120 15:48:51.505"/>
</kw>
<status status="PASS" starttime="20231120 15:48:51.309" endtime="20231120 15:48:51.506"/>
</test>
<test id="s1-s3-t4" name="Register With Nonmatching Password And Password Confirmation" line="31">
<kw name="Setup Register" type="SETUP">
<kw name="Reset Application" library="AppLibrary">
<status status="PASS" starttime="20231120 15:48:51.507" endtime="20231120 15:48:51.511"/>
</kw>
<kw name="Go To Register Page" library="resource">
<kw name="Go To" library="SeleniumLibrary">
<arg>${REGISTER_URL}</arg>
<doc>Navigates the current browser window to the provided ``url``.</doc>
<msg timestamp="20231120 15:48:51.511" level="INFO">Opening url 'http://localhost:5001/register'</msg>
<status status="PASS" starttime="20231120 15:48:51.511" endtime="20231120 15:48:51.519"/>
</kw>
<status status="PASS" starttime="20231120 15:48:51.511" endtime="20231120 15:48:51.519"/>
</kw>
<kw name="Register Page Should Be Open" library="resource">
<kw name="Title Should Be" library="SeleniumLibrary">
<arg>Register</arg>
<doc>Verifies that the current page title equals ``title``.</doc>
<msg timestamp="20231120 15:48:51.523" level="INFO">Page title is 'Register'.</msg>
<status status="PASS" starttime="20231120 15:48:51.520" endtime="20231120 15:48:51.523"/>
</kw>
<status status="PASS" starttime="20231120 15:48:51.519" endtime="20231120 15:48:51.523"/>
</kw>
<status status="PASS" starttime="20231120 15:48:51.506" endtime="20231120 15:48:51.523"/>
</kw>
<kw name="Set Username">
<arg>kalle</arg>
<kw name="Input Text" library="SeleniumLibrary">
<arg>username</arg>
<arg>${username}</arg>
<doc>Types the given ``text`` into the text field identified by ``locator``.</doc>
<msg timestamp="20231120 15:48:51.524" level="INFO">Typing text 'kalle' into text field 'username'.</msg>
<status status="PASS" starttime="20231120 15:48:51.523" endtime="20231120 15:48:51.566"/>
</kw>
<status status="PASS" starttime="20231120 15:48:51.523" endtime="20231120 15:48:51.566"/>
</kw>
<kw name="Set Password">
<arg>kalle456</arg>
<kw name="Input Password" library="SeleniumLibrary">
<arg>password</arg>
<arg>${password}</arg>
<doc>Types the given password into the text field identified by ``locator``.</doc>
<msg timestamp="20231120 15:48:51.567" level="INFO">Typing password into text field 'password'.</msg>
<msg timestamp="20231120 15:48:51.588" level="INFO">Temporally setting log level to: NONE</msg>
<msg timestamp="20231120 15:48:51.609" level="INFO">Log level changed from NONE to INFO.</msg>
<status status="PASS" starttime="20231120 15:48:51.567" endtime="20231120 15:48:51.609"/>
</kw>
<status status="PASS" starttime="20231120 15:48:51.566" endtime="20231120 15:48:51.609"/>
</kw>
<kw name="Set Password Confirm">
<arg>kalle457</arg>
<kw name="Input Password" library="SeleniumLibrary">
<arg>password_confirmation</arg>
<arg>${password}</arg>
<doc>Types the given password into the text field identified by ``locator``.</doc>
<msg timestamp="20231120 15:48:51.610" level="INFO">Typing password into text field 'password_confirmation'.</msg>
<msg timestamp="20231120 15:48:51.627" level="INFO">Temporally setting log level to: NONE</msg>
<msg timestamp="20231120 15:48:51.647" level="INFO">Log level changed from NONE to INFO.</msg>
<status status="PASS" starttime="20231120 15:48:51.609" endtime="20231120 15:48:51.647"/>
</kw>
<status status="PASS" starttime="20231120 15:48:51.609" endtime="20231120 15:48:51.648"/>
</kw>
<kw name="Submit Credentials">
<kw name="Click Button" library="SeleniumLibrary">
<arg>Register</arg>
<doc>Clicks the button identified by ``locator``.</doc>
<msg timestamp="20231120 15:48:51.648" level="INFO">Clicking button 'Register'.</msg>
<status status="PASS" starttime="20231120 15:48:51.648" endtime="20231120 15:48:51.680"/>
</kw>
<status status="PASS" starttime="20231120 15:48:51.648" endtime="20231120 15:48:51.680"/>
</kw>
<kw name="Register Should Fail With Message">
<arg>Passwords do not match</arg>
<kw name="Register Page Should Be Open" library="resource">
<kw name="Title Should Be" library="SeleniumLibrary">
<arg>Register</arg>
<doc>Verifies that the current page title equals ``title``.</doc>
<msg timestamp="20231120 15:48:51.683" level="INFO">Page title is 'Register'.</msg>
<status status="PASS" starttime="20231120 15:48:51.681" endtime="20231120 15:48:51.683"/>
</kw>
<status status="PASS" starttime="20231120 15:48:51.681" endtime="20231120 15:48:51.683"/>
</kw>
<kw name="Page Should Contain" library="SeleniumLibrary">
<arg>${message}</arg>
<doc>Verifies that current page contains ``text``.</doc>
<msg timestamp="20231120 15:48:51.691" level="INFO">Current page contains text 'Passwords do not match'.</msg>
<status status="PASS" starttime="20231120 15:48:51.683" endtime="20231120 15:48:51.691"/>
</kw>
<status status="PASS" starttime="20231120 15:48:51.680" endtime="20231120 15:48:51.691"/>
</kw>
<status status="PASS" starttime="20231120 15:48:51.506" endtime="20231120 15:48:51.691"/>
</test>
<test id="s1-s3-t5" name="Login After Successful Registration" line="38">
<kw name="Setup Register" type="SETUP">
<kw name="Reset Application" library="AppLibrary">
<status status="PASS" starttime="20231120 15:48:51.692" endtime="20231120 15:48:51.695"/>
</kw>
<kw name="Go To Register Page" library="resource">
<kw name="Go To" library="SeleniumLibrary">
<arg>${REGISTER_URL}</arg>
<doc>Navigates the current browser window to the provided ``url``.</doc>
<msg timestamp="20231120 15:48:51.696" level="INFO">Opening url 'http://localhost:5001/register'</msg>
<status status="PASS" starttime="20231120 15:48:51.696" endtime="20231120 15:48:51.705"/>
</kw>
<status status="PASS" starttime="20231120 15:48:51.696" endtime="20231120 15:48:51.705"/>
</kw>
<kw name="Register Page Should Be Open" library="resource">
<kw name="Title Should Be" library="SeleniumLibrary">
<arg>Register</arg>
<doc>Verifies that the current page title equals ``title``.</doc>
<msg timestamp="20231120 15:48:51.708" level="INFO">Page title is 'Register'.</msg>
<status status="PASS" starttime="20231120 15:48:51.705" endtime="20231120 15:48:51.708"/>
</kw>
<status status="PASS" starttime="20231120 15:48:51.705" endtime="20231120 15:48:51.708"/>
</kw>
<status status="PASS" starttime="20231120 15:48:51.692" endtime="20231120 15:48:51.708"/>
</kw>
<kw name="Set Username">
<arg>kalle</arg>
<kw name="Input Text" library="SeleniumLibrary">
<arg>username</arg>
<arg>${username}</arg>
<doc>Types the given ``text`` into the text field identified by ``locator``.</doc>
<msg timestamp="20231120 15:48:51.709" level="INFO">Typing text 'kalle' into text field 'username'.</msg>
<status status="PASS" starttime="20231120 15:48:51.708" endtime="20231120 15:48:51.749"/>
</kw>
<status status="PASS" starttime="20231120 15:48:51.708" endtime="20231120 15:48:51.750"/>
</kw>
<kw name="Set Password">
<arg>kalle456</arg>
<kw name="Input Password" library="SeleniumLibrary">
<arg>password</arg>
<arg>${password}</arg>
<doc>Types the given password into the text field identified by ``locator``.</doc>
<msg timestamp="20231120 15:48:51.750" level="INFO">Typing password into text field 'password'.</msg>
<msg timestamp="20231120 15:48:51.770" level="INFO">Temporally setting log level to: NONE</msg>
<msg timestamp="20231120 15:48:51.792" level="INFO">Log level changed from NONE to INFO.</msg>
<status status="PASS" starttime="20231120 15:48:51.750" endtime="20231120 15:48:51.793"/>
</kw>
<status status="PASS" starttime="20231120 15:48:51.750" endtime="20231120 15:48:51.793"/>
</kw>
<kw name="Set Password Confirm">
<arg>kalle456</arg>
<kw name="Input Password" library="SeleniumLibrary">
<arg>password_confirmation</arg>
<arg>${password}</arg>
<doc>Types the given password into the text field identified by ``locator``.</doc>
<msg timestamp="20231120 15:48:51.793" level="INFO">Typing password into text field 'password_confirmation'.</msg>
<msg timestamp="20231120 15:48:51.810" level="INFO">Temporally setting log level to: NONE</msg>
<msg timestamp="20231120 15:48:51.830" level="INFO">Log level changed from NONE to INFO.</msg>
<status status="PASS" starttime="20231120 15:48:51.793" endtime="20231120 15:48:51.830"/>
</kw>
<status status="PASS" starttime="20231120 15:48:51.793" endtime="20231120 15:48:51.830"/>
</kw>
<kw name="Submit Credentials">
<kw name="Click Button" library="SeleniumLibrary">
<arg>Register</arg>
<doc>Clicks the button identified by ``locator``.</doc>
<msg timestamp="20231120 15:48:51.831" level="INFO">Clicking button 'Register'.</msg>
<status status="PASS" starttime="20231120 15:48:51.831" endtime="20231120 15:48:51.863"/>
</kw>
<status status="PASS" starttime="20231120 15:48:51.831" endtime="20231120 15:48:51.863"/>
</kw>
<kw name="Register Should Succeed">
<kw name="Welcome Page Should Be Open" library="resource">
<kw name="Title Should Be" library="SeleniumLibrary">
<arg>Welcome to Ohtu Application!</arg>
<doc>Verifies that the current page title equals ``title``.</doc>
<msg timestamp="20231120 15:48:51.867" level="INFO">Page title is 'Welcome to Ohtu Application!'.</msg>
<status status="PASS" starttime="20231120 15:48:51.864" endtime="20231120 15:48:51.867"/>
</kw>
<status status="PASS" starttime="20231120 15:48:51.864" endtime="20231120 15:48:51.867"/>
</kw>
<status status="PASS" starttime="20231120 15:48:51.864" endtime="20231120 15:48:51.867"/>
</kw>
<kw name="Go To Main Page" library="resource">
<kw name="Go To" library="SeleniumLibrary">
<arg>${MAIN_URL}</arg>
<doc>Navigates the current browser window to the provided ``url``.</doc>
<msg timestamp="20231120 15:48:51.867" level="INFO">Opening url 'http://localhost:5001/ohtu'</msg>
<status status="PASS" starttime="20231120 15:48:51.867" endtime="20231120 15:48:51.875"/>
</kw>
<status status="PASS" starttime="20231120 15:48:51.867" endtime="20231120 15:48:51.875"/>
</kw>
<kw name="Click Button" library="SeleniumLibrary">
<arg>Logout</arg>
<doc>Clicks the button identified by ``locator``.</doc>
<msg timestamp="20231120 15:48:51.876" level="INFO">Clicking button 'Logout'.</msg>
<status status="PASS" starttime="20231120 15:48:51.875" endtime="20231120 15:48:51.916"/>
</kw>
<kw name="Go To Login Page" library="resource">
<kw name="Go To" library="SeleniumLibrary">
<arg>${LOGIN_URL}</arg>
<doc>Navigates the current browser window to the provided ``url``.</doc>
<msg timestamp="20231120 15:48:51.917" level="INFO">Opening url 'http://localhost:5001/login'</msg>
<status status="PASS" starttime="20231120 15:48:51.916" endtime="20231120 15:48:51.925"/>
</kw>
<status status="PASS" starttime="20231120 15:48:51.916" endtime="20231120 15:48:51.925"/>
</kw>
<kw name="Set Username">
<arg>kalle</arg>
<kw name="Input Text" library="SeleniumLibrary">
<arg>username</arg>
<arg>${username}</arg>
<doc>Types the given ``text`` into the text field identified by ``locator``.</doc>
<msg timestamp="20231120 15:48:51.926" level="INFO">Typing text 'kalle' into text field 'username'.</msg>
<status status="PASS" starttime="20231120 15:48:51.926" endtime="20231120 15:48:51.969"/>
</kw>
<status status="PASS" starttime="20231120 15:48:51.925" endtime="20231120 15:48:51.969"/>
</kw>
<kw name="Set Password">
<arg>kalle456</arg>
<kw name="Input Password" library="SeleniumLibrary">
<arg>password</arg>
<arg>${password}</arg>
<doc>Types the given password into the text field identified by ``locator``.</doc>
<msg timestamp="20231120 15:48:51.970" level="INFO">Typing password into text field 'password'.</msg>
<msg timestamp="20231120 15:48:51.990" level="INFO">Temporally setting log level to: NONE</msg>
<msg timestamp="20231120 15:48:52.011" level="INFO">Log level changed from NONE to INFO.</msg>
<status status="PASS" starttime="20231120 15:48:51.969" endtime="20231120 15:48:52.011"/>
</kw>
<status status="PASS" starttime="20231120 15:48:51.969" endtime="20231120 15:48:52.011"/>
</kw>
<kw name="Click Button" library="SeleniumLibrary">
<arg>Login</arg>
<doc>Clicks the button identified by ``locator``.</doc>
<msg timestamp="20231120 15:48:52.012" level="INFO">Clicking button 'Login'.</msg>
<status status="PASS" starttime="20231120 15:48:52.012" endtime="20231120 15:48:52.053"/>
</kw>
<kw name="Main Page Should Be Open" library="resource">
<kw name="Title Should Be" library="SeleniumLibrary">
<arg>Ohtu Application main page</arg>
<doc>Verifies that the current page title equals ``title``.</doc>
<msg timestamp="20231120 15:48:52.055" level="INFO">Page title is 'Ohtu Application main page'.</msg>
<status status="PASS" starttime="20231120 15:48:52.053" endtime="20231120 15:48:52.055"/>
</kw>
<status status="PASS" starttime="20231120 15:48:52.053" endtime="20231120 15:48:52.055"/>
</kw>
<status status="PASS" starttime="20231120 15:48:51.691" endtime="20231120 15:48:52.055"/>
</test>
<test id="s1-s3-t6" name="Login After Failed Registration" line="52">
<kw name="Setup Register" type="SETUP">
<kw name="Reset Application" library="AppLibrary">
<status status="PASS" starttime="20231120 15:48:52.056" endtime="20231120 15:48:52.060"/>
</kw>
<kw name="Go To Register Page" library="resource">
<kw name="Go To" library="SeleniumLibrary">
<arg>${REGISTER_URL}</arg>
<doc>Navigates the current browser window to the provided ``url``.</doc>
<msg timestamp="20231120 15:48:52.060" level="INFO">Opening url 'http://localhost:5001/register'</msg>
<status status="PASS" starttime="20231120 15:48:52.060" endtime="20231120 15:48:52.068"/>
</kw>
<status status="PASS" starttime="20231120 15:48:52.060" endtime="20231120 15:48:52.068"/>
</kw>
<kw name="Register Page Should Be Open" library="resource">
<kw name="Title Should Be" library="SeleniumLibrary">
<arg>Register</arg>
<doc>Verifies that the current page title equals ``title``.</doc>
<msg timestamp="20231120 15:48:52.071" level="INFO">Page title is 'Register'.</msg>
<status status="PASS" starttime="20231120 15:48:52.069" endtime="20231120 15:48:52.072"/>
</kw>
<status status="PASS" starttime="20231120 15:48:52.068" endtime="20231120 15:48:52.072"/>
</kw>
<status status="PASS" starttime="20231120 15:48:52.056" endtime="20231120 15:48:52.072"/>
</kw>
<kw name="Set Username">
<arg>kalle</arg>
<kw name="Input Text" library="SeleniumLibrary">
<arg>username</arg>
<arg>${username}</arg>
<doc>Types the given ``text`` into the text field identified by ``locator``.</doc>
<msg timestamp="20231120 15:48:52.073" level="INFO">Typing text 'kalle' into text field 'username'.</msg>
<status status="PASS" starttime="20231120 15:48:52.072" endtime="20231120 15:48:52.111"/>
</kw>
<status status="PASS" starttime="20231120 15:48:52.072" endtime="20231120 15:48:52.111"/>
</kw>
<kw name="Set Password">
<arg>kalle456</arg>
<kw name="Input Password" library="SeleniumLibrary">
<arg>password</arg>
<arg>${password}</arg>
<doc>Types the given password into the text field identified by ``locator``.</doc>
<msg timestamp="20231120 15:48:52.111" level="INFO">Typing password into text field 'password'.</msg>
<msg timestamp="20231120 15:48:52.129" level="INFO">Temporally setting log level to: NONE</msg>
<msg timestamp="20231120 15:48:52.151" level="INFO">Log level changed from NONE to INFO.</msg>
<status status="PASS" starttime="20231120 15:48:52.111" endtime="20231120 15:48:52.152"/>
</kw>
<status status="PASS" starttime="20231120 15:48:52.111" endtime="20231120 15:48:52.152"/>
</kw>
<kw name="Set Password Confirm">
<arg>kalle457</arg>
<kw name="Input Password" library="SeleniumLibrary">
<arg>password_confirmation</arg>
<arg>${password}</arg>
<doc>Types the given password into the text field identified by ``locator``.</doc>
<msg timestamp="20231120 15:48:52.152" level="INFO">Typing password into text field 'password_confirmation'.</msg>
<msg timestamp="20231120 15:48:52.170" level="INFO">Temporally setting log level to: NONE</msg>
<msg timestamp="20231120 15:48:52.190" level="INFO">Log level changed from NONE to INFO.</msg>
<status status="PASS" starttime="20231120 15:48:52.152" endtime="20231120 15:48:52.190"/>
</kw>
<status status="PASS" starttime="20231120 15:48:52.152" endtime="20231120 15:48:52.190"/>
</kw>
<kw name="Submit Credentials">
<kw name="Click Button" library="SeleniumLibrary">
<arg>Register</arg>
<doc>Clicks the button identified by ``locator``.</doc>
<msg timestamp="20231120 15:48:52.191" level="INFO">Clicking button 'Register'.</msg>
<status status="PASS" starttime="20231120 15:48:52.190" endtime="20231120 15:48:52.223"/>
</kw>
<status status="PASS" starttime="20231120 15:48:52.190" endtime="20231120 15:48:52.223"/>
</kw>
<kw name="Register Should Fail With Message">
<arg>Passwords do not match</arg>
<kw name="Register Page Should Be Open" library="resource">
<kw name="Title Should Be" library="SeleniumLibrary">
<arg>Register</arg>
<doc>Verifies that the current page title equals ``title``.</doc>
<msg timestamp="20231120 15:48:52.226" level="INFO">Page title is 'Register'.</msg>
<status status="PASS" starttime="20231120 15:48:52.224" endtime="20231120 15:48:52.226"/>
</kw>
<status status="PASS" starttime="20231120 15:48:52.224" endtime="20231120 15:48:52.226"/>
</kw>
<kw name="Page Should Contain" library="SeleniumLibrary">
<arg>${message}</arg>
<doc>Verifies that current page contains ``text``.</doc>
<msg timestamp="20231120 15:48:52.232" level="INFO">Current page contains text 'Passwords do not match'.</msg>
<status status="PASS" starttime="20231120 15:48:52.226" endtime="20231120 15:48:52.232"/>
</kw>
<status status="PASS" starttime="20231120 15:48:52.223" endtime="20231120 15:48:52.232"/>
</kw>
<kw name="Go To Login Page" library="resource">
<kw name="Go To" library="SeleniumLibrary">
<arg>${LOGIN_URL}</arg>
<doc>Navigates the current browser window to the provided ``url``.</doc>
<msg timestamp="20231120 15:48:52.232" level="INFO">Opening url 'http://localhost:5001/login'</msg>
<status status="PASS" starttime="20231120 15:48:52.232" endtime="20231120 15:48:52.241"/>
</kw>
<status status="PASS" starttime="20231120 15:48:52.232" endtime="20231120 15:48:52.241"/>
</kw>
<kw name="Set Username">
<arg>kalle</arg>
<kw name="Input Text" library="SeleniumLibrary">
<arg>username</arg>
<arg>${username}</arg>
<doc>Types the given ``text`` into the text field identified by ``locator``.</doc>
<msg timestamp="20231120 15:48:52.242" level="INFO">Typing text 'kalle' into text field 'username'.</msg>
<status status="PASS" starttime="20231120 15:48:52.242" endtime="20231120 15:48:52.279"/>
</kw>
<status status="PASS" starttime="20231120 15:48:52.241" endtime="20231120 15:48:52.279"/>
</kw>
<kw name="Set Password">
<arg>kalle456</arg>
<kw name="Input Password" library="SeleniumLibrary">
<arg>password</arg>
<arg>${password}</arg>
<doc>Types the given password into the text field identified by ``locator``.</doc>
<msg timestamp="20231120 15:48:52.279" level="INFO">Typing password into text field 'password'.</msg>
<msg timestamp="20231120 15:48:52.296" level="INFO">Temporally setting log level to: NONE</msg>
<msg timestamp="20231120 15:48:52.318" level="INFO">Log level changed from NONE to INFO.</msg>
<status status="PASS" starttime="20231120 15:48:52.279" endtime="20231120 15:48:52.318"/>
</kw>
<status status="PASS" starttime="20231120 15:48:52.279" endtime="20231120 15:48:52.318"/>
</kw>
<kw name="Click Button" library="SeleniumLibrary">
<arg>Login</arg>
<doc>Clicks the button identified by ``locator``.</doc>
<msg timestamp="20231120 15:48:52.319" level="INFO">Clicking button 'Login'.</msg>
<status status="PASS" starttime="20231120 15:48:52.318" endtime="20231120 15:48:52.350"/>
</kw>
<kw name="Login Should Fail With Message">
<arg>Invalid username or password</arg>
<kw name="Login Page Should Be Open" library="resource">
<kw name="Title Should Be" library="SeleniumLibrary">
<arg>Login</arg>
<doc>Verifies that the current page title equals ``title``.</doc>
<msg timestamp="20231120 15:48:52.353" level="INFO">Page title is 'Login'.</msg>
<status status="PASS" starttime="20231120 15:48:52.351" endtime="20231120 15:48:52.353"/>
</kw>
<status status="PASS" starttime="20231120 15:48:52.351" endtime="20231120 15:48:52.353"/>
</kw>
<kw name="Page Should Contain" library="SeleniumLibrary">
<arg>${message}</arg>
<doc>Verifies that current page contains ``text``.</doc>
<msg timestamp="20231120 15:48:52.361" level="INFO">Current page contains text 'Invalid username or password'.</msg>
<status status="PASS" starttime="20231120 15:48:52.353" endtime="20231120 15:48:52.362"/>
</kw>
<status status="PASS" starttime="20231120 15:48:52.351" endtime="20231120 15:48:52.362"/>
</kw>
<status status="PASS" starttime="20231120 15:48:52.055" endtime="20231120 15:48:52.362"/>
</test>
<kw name="Close Browser" library="SeleniumLibrary" type="TEARDOWN">
<doc>Closes the current browser.</doc>
<status status="PASS" starttime="20231120 15:48:52.362" endtime="20231120 15:48:52.416"/>
</kw>
<status status="PASS" starttime="20231120 15:48:50.262" endtime="20231120 15:48:52.416"/>
</suite>
<status status="PASS" starttime="20231120 15:48:48.133" endtime="20231120 15:48:52.417"/>
</suite>
<statistics>
<total>
<stat pass="11" fail="0" skip="0">All Tests</stat>
</total>
<tag>
</tag>
<suite>
<stat pass="11" fail="0" skip="0" id="s1" name="Tests">Tests</stat>
<stat pass="2" fail="0" skip="0" id="s1-s1" name="Home">Tests.Home</stat>
<stat pass="3" fail="0" skip="0" id="s1-s2" name="Login">Tests.Login</stat>
<stat pass="6" fail="0" skip="0" id="s1-s3" name="Register">Tests.Register</stat>
</suite>
</statistics>
<errors>
</errors>
</robot>
